Building DAG of jobs...
Using shell: /bin/bash
Provided cores: 1
Rules claiming more threads will be scaled down.
Job counts:
	count	jobs
	1	makeGraphs
	1

[Tue Oct  9 19:08:11 2018]
rule makeGraphs:
    input: input/code/graphs.R, output/data/cleaned_data.csv
    output: output/graphs/accept_mean.jpeg
    jobid: 0

Waiting at most 5 seconds for missing files.
MissingOutputException in line 29 of /home/caina/Dropbox/UNI/PhD/2YEAR/Programming/anger_project/Snakefile:
Missing files after 5 seconds:
output/graphs/accept_mean.jpeg
This might be due to filesystem latency. If that is the case, consider to increase the wait time with --latency-wait.
Shutting down, this might take some time.
Exiting because a job execution failed. Look above for error message
Complete log: /home/caina/Dropbox/UNI/PhD/2YEAR/Programming/anger_project/.snakemake/log/2018-10-09T190811.025564.snakemake.log
