Building DAG of jobs...
Using shell: /bin/bash
Provided cores: 1
Rules claiming more threads will be scaled down.
Job counts:
	count	jobs
	1	allRules
	1	cleanData
	1	makeGraphs
	1	makePDF
	1	responseTime
	5

[Sat Oct 13 18:00:54 2018]
rule cleanData:
    input: input/code/clean_data.R, input/raw-data/fake_data.csv
    output: output/data/cleaned_data_all.csv, output/data/cleaned_data.csv
    jobid: 2

[Sat Oct 13 18:00:54 2018]
Finished job 2.
1 of 5 steps (20%) done

[Sat Oct 13 18:00:54 2018]
rule makeGraphs:
    input: input/code/graphs.R, output/data/cleaned_data.csv
    output: output/graphs/accept_mean.jpeg, output/graphs/f_accept_mean.jpeg, output/graphs/m_accept_mean.jpeg, output/graphs/offer_mean.jpeg, output/graphs/f_offer_mean.jpeg, output/graphs/m_offer_mean.jpeg
    jobid: 1

[Sat Oct 13 18:00:55 2018]
Finished job 1.
2 of 5 steps (40%) done

[Sat Oct 13 18:00:55 2018]
rule responseTime:
    input: input/code/response_time.R, output/data/cleaned_data.csv
    output: output/graphs/frustration.jpeg, output/graphs/expectations.jpeg
    jobid: 4

    [Sat Oct 13 18:00:59 2018]
    Error in rule responseTime:
        jobid: 4
        output: output/graphs/frustration.jpeg, output/graphs/expectations.jpeg

RuleException:
CalledProcessError in line 58 of /home/caina/Dropbox/UNI/PhD/2YEAR/Programming/aina_project/Snakefile:
Command ' set -euo pipefail;  Rscript --no-save --no-restore --verbose input/code/response_time.R output/data/cleaned_data.csv output/graphs/ ' returned non-zero exit status 1.
  File "/home/caina/Dropbox/UNI/PhD/2YEAR/Programming/aina_project/Snakefile", line 58, in __rule_responseTime
  File "/home/caina/anaconda3/lib/python3.6/concurrent/futures/thread.py", line 56, in run
Removing output files of failed job responseTime since they might be corrupted:
output/graphs/frustration.jpeg, output/graphs/expectations.jpeg
Shutting down, this might take some time.
Exiting because a job execution failed. Look above for error message
Complete log: /home/caina/Dropbox/UNI/PhD/2YEAR/Programming/aina_project/.snakemake/log/2018-10-13T180054.175079.snakemake.log
