Building DAG of jobs...
Using shell: /bin/bash
Provided cores: 1
Rules claiming more threads will be scaled down.
Job counts:
	count	jobs
	1	allRules
	1	cleanData
	1	makeGraphs
	1	makePDF
	4

[Fri Oct 12 16:03:32 2018]
rule cleanData:
    input: input/code/clean_data.R, input/raw-data/final_psycho.dta
    output: output/data/cleaned_data_all.csv, output/data/cleaned_data.csv
    jobid: 3

[Fri Oct 12 16:03:33 2018]
Finished job 3.
1 of 4 steps (25%) done

[Fri Oct 12 16:03:33 2018]
rule makeGraphs:
    input: input/code/graphs.R, output/data/cleaned_data.csv
    output: output/graphs/accept_mean.jpeg, output/graphs/f_accept_mean.jpeg, output/graphs/m_accept_mean.jpeg, output/graphs/offer_mean.jpeg, output/graphs/f_offer_mean.jpeg, output/graphs/m_offer_mean.jpeg
    jobid: 1

[Fri Oct 12 16:03:34 2018]
Finished job 1.
2 of 4 steps (50%) done

[Fri Oct 12 16:03:34 2018]
rule makePDF:
    input: input/latex/report.Rmd, input/code/knit.R
    output: input/latex/report.md, Aina_AdditionalAnalysis.pdf
    jobid: 2

[Fri Oct 12 16:03:37 2018]
Finished job 2.
3 of 4 steps (75%) done

[Fri Oct 12 16:03:37 2018]
localrule allRules:
    input: input/latex/report.md, Aina_AdditionalAnalysis.pdf, output/graphs/accept_mean.jpeg, output/graphs/f_accept_mean.jpeg, output/graphs/m_accept_mean.jpeg, output/graphs/offer_mean.jpeg, output/graphs/f_offer_mean.jpeg, output/graphs/m_offer_mean.jpeg, output/data/cleaned_data_all.csv, output/data/cleaned_data.csv
    jobid: 0

[Fri Oct 12 16:03:37 2018]
Finished job 0.
4 of 4 steps (100%) done
Complete log: /home/caina/Dropbox/UNI/PhD/2YEAR/Programming/anger_project/.snakemake/log/2018-10-12T160332.867421.snakemake.log
