Building DAG of jobs...
Using shell: /bin/bash
Provided cores: 1
Rules claiming more threads will be scaled down.
Job counts:
	count	jobs
	1	allRules
	1	makeGraphs
	1	makePDF
	3

[Sun Oct 14 10:24:22 2018]
rule makeGraphs:
    input: input/code/graphs.R, output/data/cleaned_data.csv
    output: output/graphs/accept_mean.jpeg, output/graphs/f_accept_mean.jpeg, output/graphs/m_accept_mean.jpeg, output/graphs/offer_mean.jpeg, output/graphs/f_offer_mean.jpeg, output/graphs/m_offer_mean.jpeg
    jobid: 1

[Sun Oct 14 10:24:23 2018]
Finished job 1.
1 of 3 steps (33%) done

[Sun Oct 14 10:24:23 2018]
rule makePDF:
    input: input/latex/report.Rmd, input/code/knit.R, output/graphs/accept_mean.jpeg, output/graphs/f_accept_mean.jpeg, output/graphs/m_accept_mean.jpeg, output/graphs/offer_mean.jpeg, output/graphs/f_offer_mean.jpeg, output/graphs/m_offer_mean.jpeg, output/graphs/frustration.jpeg, output/graphs/expectations.jpeg
    output: input/latex/report.md, Aina_AdditionalAnalysis.pdf
    jobid: 3

[Sun Oct 14 10:24:26 2018]
Finished job 3.
2 of 3 steps (67%) done

[Sun Oct 14 10:24:26 2018]
localrule allRules:
    input: input/latex/report.md, Aina_AdditionalAnalysis.pdf, output/graphs/frustration.jpeg, output/graphs/expectations.jpeg, output/graphs/accept_mean.jpeg, output/graphs/f_accept_mean.jpeg, output/graphs/m_accept_mean.jpeg, output/graphs/offer_mean.jpeg, output/graphs/f_offer_mean.jpeg, output/graphs/m_offer_mean.jpeg, output/data/cleaned_data_all.csv, output/data/cleaned_data.csv
    jobid: 0

[Sun Oct 14 10:24:26 2018]
Finished job 0.
3 of 3 steps (100%) done
Complete log: /home/caina/Dropbox/UNI/PhD/2YEAR/Programming/aina_project/.snakemake/log/2018-10-14T102422.122427.snakemake.log
