Building DAG of jobs...
Using shell: /bin/bash
Provided cores: 1
Rules claiming more threads will be scaled down.
Job counts:
	count	jobs
	1	allRules
	1	cleanData
	1	makeGraphs
	1	makePDF
	1	responseTime
	5

[Sun Oct 14 13:49:09 2018]
rule cleanData:
    input: input/code/clean_data.R, input/raw-data/fake_data.csv
    output: output/data/cleaned_data_all.csv, output/data/cleaned_data.csv
    jobid: 4

[Sun Oct 14 13:49:10 2018]
Finished job 4.
1 of 5 steps (20%) done

[Sun Oct 14 13:49:10 2018]
rule makeGraphs:
    input: input/code/graphs.R, output/data/cleaned_data.csv
    output: output/graphs/accept_mean.jpeg, output/graphs/f_accept_mean.jpeg, output/graphs/m_accept_mean.jpeg, output/graphs/offer_mean.jpeg, output/graphs/f_offer_mean.jpeg, output/graphs/m_offer_mean.jpeg
    jobid: 2

[Sun Oct 14 13:49:11 2018]
Finished job 2.
2 of 5 steps (40%) done

[Sun Oct 14 13:49:11 2018]
rule responseTime:
    input: input/code/response_time.R, output/data/cleaned_data.csv
    output: output/graphs/frustration.jpeg, output/graphs/expectations.jpeg
    jobid: 1

[Sun Oct 14 13:49:16 2018]
Finished job 1.
3 of 5 steps (60%) done

[Sun Oct 14 13:49:16 2018]
rule makePDF:
    input: input/latex/report.Rmd, input/code/knit.R, output/graphs/accept_mean.jpeg, output/graphs/f_accept_mean.jpeg, output/graphs/m_accept_mean.jpeg, output/graphs/offer_mean.jpeg, output/graphs/f_offer_mean.jpeg, output/graphs/m_offer_mean.jpeg, output/graphs/frustration.jpeg, output/graphs/expectations.jpeg
    output: input/latex/report.md, Aina_AdditionalAnalysis.pdf
    jobid: 3

[Sun Oct 14 13:49:19 2018]
Finished job 3.
4 of 5 steps (80%) done

[Sun Oct 14 13:49:19 2018]
localrule allRules:
    input: input/latex/report.md, Aina_AdditionalAnalysis.pdf, output/graphs/frustration.jpeg, output/graphs/expectations.jpeg, output/graphs/accept_mean.jpeg, output/graphs/f_accept_mean.jpeg, output/graphs/m_accept_mean.jpeg, output/graphs/offer_mean.jpeg, output/graphs/f_offer_mean.jpeg, output/graphs/m_offer_mean.jpeg, output/data/cleaned_data_all.csv, output/data/cleaned_data.csv
    jobid: 0

[Sun Oct 14 13:49:19 2018]
Finished job 0.
5 of 5 steps (100%) done
Complete log: /home/caina/Dropbox/UNI/PhD/2YEAR/Programming/aina_project/.snakemake/log/2018-10-14T134909.607516.snakemake.log
